\BOOKMARK [0][-]{Doc-Start}{Acknowledgments}{}% 1
\BOOKMARK [0][-]{chapter*.1}{Abstract}{}% 2
\BOOKMARK [0][-]{chapter.1}{Introduction}{}% 3
\BOOKMARK [1][-]{section.1.1}{Recommender Systems}{chapter.1}% 4
\BOOKMARK [1][-]{section.1.2}{Distributed User Interfaces}{chapter.1}% 5
\BOOKMARK [1][-]{section.1.3}{Case Study}{chapter.1}% 6
\BOOKMARK [1][-]{section.1.4}{Structure of The Work}{chapter.1}% 7
\BOOKMARK [0][-]{chapter.2}{Literature Review}{}% 8
\BOOKMARK [0][-]{chapter.3}{Design for a Single-User Recommendation Application in a DUI Environment}{}% 9
\BOOKMARK [1][-]{section.3.1}{Generic Model for Recommender Systems UI Distribution}{chapter.3}% 10
\BOOKMARK [2][-]{subsection.3.1.1}{Regarding Distribution Dimensions on Designing Distributed UIs}{section.3.1}% 11
\BOOKMARK [2][-]{subsection.3.1.2}{Generic Scenarios for UI Distribution}{section.3.1}% 12
\BOOKMARK [1][-]{section.3.2}{Design for a Single-User Video Recommender System in a Distributed UI Environment}{chapter.3}% 13
\BOOKMARK [2][-]{subsection.3.2.1}{UI Distribution In a Single-User System}{section.3.2}% 14
\BOOKMARK [2][-]{subsection.3.2.2}{Platforms and Environment}{section.3.2}% 15
\BOOKMARK [2][-]{subsection.3.2.3}{Recommendation in a Distributed UI Environment}{section.3.2}% 16
\BOOKMARK [0][-]{chapter.4}{Implementation of a Prototype for Distributed-UI Scenarios}{}% 17
\BOOKMARK [1][-]{section.4.1}{Prototype Versions and Functionalities}{chapter.4}% 18
\BOOKMARK [2][-]{subsection.4.1.1}{Non-Distributed Vs. Distributed Prototype Versions}{section.4.1}% 19
\BOOKMARK [2][-]{subsection.4.1.2}{Use Cases and Functionalities}{section.4.1}% 20
\BOOKMARK [1][-]{section.4.2}{Overview System Architecture}{chapter.4}% 21
\BOOKMARK [2][-]{subsection.4.2.1}{Mobile Application}{section.4.2}% 22
\BOOKMARK [2][-]{subsection.4.2.2}{LD Screen Application}{section.4.2}% 23
\BOOKMARK [2][-]{subsection.4.2.3}{Communication Layer}{section.4.2}% 24
\BOOKMARK [1][-]{section.4.3}{Implementation of Distributed Scenarios}{chapter.4}% 25
\BOOKMARK [2][-]{subsection.4.3.1}{Establishing Connection}{section.4.3}% 26
\BOOKMARK [2][-]{subsection.4.3.2}{Loading Video Data}{section.4.3}% 27
\BOOKMARK [2][-]{subsection.4.3.3}{Presentation of Recommended Videos}{section.4.3}% 28
\BOOKMARK [2][-]{subsection.4.3.4}{Presentation of Video Details}{section.4.3}% 29
\BOOKMARK [2][-]{subsection.4.3.5}{Playing a Video}{section.4.3}% 30
\BOOKMARK [2][-]{subsection.4.3.6}{Rating a Video}{section.4.3}% 31
\BOOKMARK [2][-]{subsection.4.3.7}{Filtering Recommendations}{section.4.3}% 32
\BOOKMARK [0][-]{chapter.5}{Evaluation}{}% 33
\BOOKMARK [0][-]{chapter.6}{Conclusion And Future Work}{}% 34
\BOOKMARK [0][-]{appendix.A}{Appendix: Class Diagrams}{}% 35
\BOOKMARK [1][-]{section.A.1}{Class Diagram of Mobile Application}{appendix.A}% 36
\BOOKMARK [1][-]{section.A.2}{Class Diagram of LD Application}{appendix.A}% 37
\BOOKMARK [0][-]{appendix*.38}{List of Figures}{}% 38
\BOOKMARK [0][-]{appendix*.39}{List of Tables}{}% 39
